[debug] [2022-01-24T04:36:34.647Z] ----------------------------------------------------------------------
[debug] [2022-01-24T04:36:34.653Z] Command:       C:\Program Files\nodejs\node.exe C:\Users\astrid\AppData\Roaming\npm\node_modules\firebase-tools\lib\bin\firebase.js init hosting
[debug] [2022-01-24T04:36:34.654Z] CLI Version:   10.1.2
[debug] [2022-01-24T04:36:34.654Z] Platform:      win32
[debug] [2022-01-24T04:36:34.654Z] Node Version:  v14.18.0
[debug] [2022-01-24T04:36:34.657Z] Time:          Sun Jan 23 2022 23:36:34 GMT-0500 (hora estándar de Colombia)
[debug] [2022-01-24T04:36:34.657Z] ----------------------------------------------------------------------
[debug] 
[debug] [2022-01-24T04:36:34.693Z] >>> [apiv2][query] GET https://firebase-public.firebaseio.com/cli.json [none]
[debug] [2022-01-24T04:36:34.775Z] > command requires scopes: ["email","openid","https://www.googleapis.com/auth/cloudplatformprojects.readonly","https://www.googleapis.com/auth/firebase","https://www.googleapis.com/auth/cloud-platform"]
[debug] [2022-01-24T04:36:34.775Z] > authorizing via signed-in user (udecsat@gmail.com)
[info] 
     ######## #### ########  ######## ########     ###     ######  ########
     ##        ##  ##     ## ##       ##     ##  ##   ##  ##       ##
     ######    ##  ########  ######   ########  #########  ######  ######
     ##        ##  ##    ##  ##       ##     ## ##     ##       ## ##
     ##       #### ##     ## ######## ########  ##     ##  ######  ########

You're about to initialize a Firebase project in this directory:

  C:\Users\astrid\Desktop\UdecSatBackendNode - copia

[debug] [2022-01-24T04:36:35.457Z] <<< [apiv2][status] GET https://firebase-public.firebaseio.com/cli.json 200
[debug] [2022-01-24T04:36:35.457Z] <<< [apiv2][body] GET https://firebase-public.firebaseio.com/cli.json {"cloudBuildErrorAfter":1594252800000,"cloudBuildWarnAfter":1590019200000,"defaultNode10After":1594252800000,"minVersion":"3.0.5","node8DeploysDisabledAfter":1613390400000,"node8RuntimeDisabledAfter":1615809600000,"node8WarnAfter":1600128000000}
[info] 
=== Project Setup
[info] 
[info] First, let's associate this project directory with a Firebase project.
[info] You can create multiple project aliases by running firebase use --add, 
[info] but for now we'll just set up a default project.
[info] 
[debug] [2022-01-24T04:39:25.646Z] > refreshing access token with scopes: []
[debug] [2022-01-24T04:39:25.647Z] >>> HTTP REQUEST POST https://www.googleapis.com/oauth2/v3/token  
 <request body omitted>
[debug] [2022-01-24T04:39:25.885Z] <<< HTTP RESPONSE 200 {"cache-control":"no-cache, no-store, max-age=0, must-revalidate","expires":"Mon, 01 Jan 1990 00:00:00 GMT","pragma":"no-cache","date":"Mon, 24 Jan 2022 04:39:25 GMT","content-type":"application/json; charset=utf-8","vary":"X-Origin, Referer, Origin,Accept-Encoding","server":"scaffolding on HTTPServer2","x-xss-protection":"0","x-frame-options":"SAMEORIGIN","x-content-type-options":"nosniff","alt-svc":"h3=\":443\"; ma=2592000,h3-29=\":443\"; ma=2592000,h3-Q050=\":443\"; ma=2592000,h3-Q046=\":443\"; ma=2592000,h3-Q043=\":443\"; ma=2592000,quic=\":443\"; ma=2592000; v=\"46,43\"","accept-ranges":"none","transfer-encoding":"chunked"}
[debug] [2022-01-24T04:39:25.921Z] >>> [apiv2][query] GET https://firebase.googleapis.com/v1beta1/projects pageSize=100
[debug] [2022-01-24T04:39:26.569Z] <<< [apiv2][status] GET https://firebase.googleapis.com/v1beta1/projects 200
[debug] [2022-01-24T04:39:26.570Z] <<< [apiv2][body] GET https://firebase.googleapis.com/v1beta1/projects [omitted]
[info] i  Using project udecsat-2996a (udecSat) 
[info] 
=== Hosting Setup
[info] 
[info] Your public directory is the folder (relative to your project directory) that
[info] will contain Hosting assets to be uploaded with firebase deploy. If you
[info] have a build process for your assets, use your build's output directory.
[info] 
[debug] [2022-01-24T04:39:33.447Z] >>> [apiv2][query] GET https://www.gstatic.com/firebasejs/releases.json [none]
[debug] [2022-01-24T04:39:34.398Z] <<< [apiv2][status] GET https://www.gstatic.com/firebasejs/releases.json 200
[debug] [2022-01-24T04:39:34.398Z] <<< [apiv2][body] GET https://www.gstatic.com/firebasejs/releases.json {"current":{"version":"9.6.4","browserURL":"https://www.gstatic.com/firebasejs/9.6.4/firebase.js","packageURL":"https://www.gstatic.com/firebasejs/9.6.4/firebase.tgz"},"live":{"version":"9.6","browserURL":"https://www.gstatic.com/firebasejs/live/9.6/firebase.js","packageURL":"https://www.gstatic.com/firebasejs/live/9.6/firebase.tgz"},"components":{"analytics":"https://www.gstatic.com/firebasejs/9.6.4/firebase-analytics.js","app":"https://www.gstatic.com/firebasejs/9.6.4/firebase-app.js","app-check":"https://www.gstatic.com/firebasejs/9.6.4/firebase-app-check.js","auth":"https://www.gstatic.com/firebasejs/9.6.4/firebase-auth.js","auth/cordova":"https://www.gstatic.com/firebasejs/9.6.4/firebase-auth/cordova.js","auth/react-native":"https://www.gstatic.com/firebasejs/9.6.4/firebase-auth/react-native.js","functions":"https://www.gstatic.com/firebasejs/9.6.4/firebase-functions.js","firestore":"https://www.gstatic.com/firebasejs/9.6.4/firebase-firestore.js","firestore/lite":"https://www.gstatic.com/firebasejs/9.6.4/firebase-firestore/lite.js","storage":"https://www.gstatic.com/firebasejs/9.6.4/firebase-storage.js","performance":"https://www.gstatic.com/firebasejs/9.6.4/firebase-performance.js","remote-config":"https://www.gstatic.com/firebasejs/9.6.4/firebase-remote-config.js","messaging":"https://www.gstatic.com/firebasejs/9.6.4/firebase-messaging.js","messaging/sw":"https://www.gstatic.com/firebasejs/9.6.4/firebase-messaging/sw.js","database":"https://www.gstatic.com/firebasejs/9.6.4/firebase-database.js","firestore.memory":"https://www.gstatic.com/firebasejs/9.6.4/firebase-firestore.memory.js"}}
[info] +  Wrote public/index.html 
[info] 
[info] i  Detected a .git folder at C:\Users\astrid\Desktop\UdecSatBackendNode - copia 
[info] i  Authorizing with GitHub to upload your service account to a GitHub repository's secrets store. 
[info] 
[info] Visit this URL on this device to log in:
[info] https://github.com/login/oauth/authorize?client_id=89cf50f02ac6aaed3484&state=1696251&redirect_uri=http%3A%2F%2Flocalhost%3A9005&scope=read%3Auser%20repo%20public_repo
[info] 
[info] Waiting for authentication...
[debug] [2022-01-24T04:39:53.663Z] >>> HTTP REQUEST POST https://github.com/login/oauth/access_token  
 {"client_id":"89cf50f02ac6aaed3484","client_secret":"3330d14abc895d9a74d5f17cd7a00711fa2c5bf0","code":"4935cab43df4e24939ba","redirect_uri":"http://localhost:9005","state":"1696251"}
[debug] [2022-01-24T04:39:54.493Z] <<< HTTP RESPONSE 200 {"server":"GitHub.com","date":"Mon, 24 Jan 2022 04:39:54 GMT","content-type":"application/json; charset=utf-8","transfer-encoding":"chunked","vary":"X-PJAX, X-PJAX-Container, Accept-Encoding, Accept, X-Requested-With","permissions-policy":"interest-cohort=()","etag":"W/\"99e1d596c71fc90b2a065391b0fe8f37\"","cache-control":"max-age=0, private, must-revalidate","strict-transport-security":"max-age=31536000; includeSubdomains; preload","x-frame-options":"deny","x-content-type-options":"nosniff","x-xss-protection":"0","referrer-policy":"origin-when-cross-origin, strict-origin-when-cross-origin","expect-ct":"max-age=2592000, report-uri=\"https://api.github.com/_private/browser/errors\"","content-security-policy":"default-src 'none'; base-uri 'self'; block-all-mixed-content; child-src github.com/assets-cdn/worker/ gist.github.com/assets-cdn/worker/; connect-src 'self' uploads.github.com objects-origin.githubusercontent.com www.githubstatus.com collector.githubapp.com api.github.com github-cloud.s3.amazonaws.com github-production-repository-file-5c1aeb.s3.amazonaws.com github-production-upload-manifest-file-7fdce7.s3.amazonaws.com github-production-user-asset-6210df.s3.amazonaws.com cdn.optimizely.com logx.optimizely.com/v1/events translator.github.com wss://alive.github.com; font-src github.githubassets.com; form-action 'self' github.com gist.github.com objects-origin.githubusercontent.com; frame-ancestors 'none'; frame-src render.githubusercontent.com viewscreen.githubusercontent.com notebooks.githubusercontent.com; img-src 'self' data: github.githubassets.com identicons.github.com collector.githubapp.com github-cloud.s3.amazonaws.com secured-user-images.githubusercontent.com/ *.githubusercontent.com; manifest-src 'self'; media-src github.com user-images.githubusercontent.com/; script-src github.githubassets.com; style-src 'unsafe-inline' github.githubassets.com; worker-src github.com/assets-cdn/worker/ gist.github.com/assets-cdn/worker/","x-github-request-id":"0E2E:5EB0:16A0CCA:2372021:61EE2D99"}
[debug] [2022-01-24T04:39:54.527Z] >>> [apiv2][query] GET https://api.github.com/user [none]
[debug] [2022-01-24T04:39:54.992Z] <<< [apiv2][status] GET https://api.github.com/user 200
[debug] [2022-01-24T04:39:54.992Z] <<< [apiv2][body] GET https://api.github.com/user {"login":"astridbar","id":26009863,"node_id":"MDQ6VXNlcjI2MDA5ODYz","avatar_url":"https://avatars.githubusercontent.com/u/26009863?v=4","gravatar_id":"","url":"https://api.github.com/users/astridbar","html_url":"https://github.com/astridbar","followers_url":"https://api.github.com/users/astridbar/followers","following_url":"https://api.github.com/users/astridbar/following{/other_user}","gists_url":"https://api.github.com/users/astridbar/gists{/gist_id}","starred_url":"https://api.github.com/users/astridbar/starred{/owner}{/repo}","subscriptions_url":"https://api.github.com/users/astridbar/subscriptions","organizations_url":"https://api.github.com/users/astridbar/orgs","repos_url":"https://api.github.com/users/astridbar/repos","events_url":"https://api.github.com/users/astridbar/events{/privacy}","received_events_url":"https://api.github.com/users/astridbar/received_events","type":"User","site_admin":false,"name":null,"company":null,"blog":"","location":null,"email":null,"hireable":null,"bio":null,"twitter_username":null,"public_repos":9,"public_gists":0,"followers":0,"following":0,"created_at":"2017-02-24T16:52:36Z","updated_at":"2022-01-24T01:26:13Z","private_gists":0,"total_private_repos":8,"owned_private_repos":7,"disk_usage":89957,"collaborators":1,"two_factor_authentication":false,"plan":{"name":"free","space":976562499,"collaborators":0,"private_repos":10000}}
[info] 
[info] +  Success! Logged into GitHub as astridbar 
[info] 
[debug] [2022-01-24T04:40:02.774Z] >>> [apiv2][query] GET https://api.github.com/repos//actions/secrets/public-key type=owner
[debug] [2022-01-24T04:40:03.183Z] <<< [apiv2][status] GET https://api.github.com/repos//actions/secrets/public-key 404
[debug] [2022-01-24T04:40:03.183Z] <<< [apiv2][body] GET https://api.github.com/repos//actions/secrets/public-key {"message":"Not Found","documentation_url":"https://docs.github.com/rest"}
[debug] [2022-01-24T04:45:20.269Z] >>> [apiv2][query] GET https://api.github.com/repos/astridbar/actions/secrets/public-key type=owner
[debug] [2022-01-24T04:45:20.692Z] <<< [apiv2][status] GET https://api.github.com/repos/astridbar/actions/secrets/public-key 404
[debug] [2022-01-24T04:45:20.692Z] <<< [apiv2][body] GET https://api.github.com/repos/astridbar/actions/secrets/public-key {"message":"Not Found","documentation_url":"https://docs.github.com/rest"}
[debug] [2022-01-24T04:45:21.976Z] >>> [apiv2][query] GET https://api.github.com/repos/astridbar/actions/secrets/public-key type=owner
[debug] [2022-01-24T04:45:22.281Z] <<< [apiv2][status] GET https://api.github.com/repos/astridbar/actions/secrets/public-key 404
[debug] [2022-01-24T04:45:22.281Z] <<< [apiv2][body] GET https://api.github.com/repos/astridbar/actions/secrets/public-key {"message":"Not Found","documentation_url":"https://docs.github.com/rest"}
[debug] [2022-01-24T04:59:10.287Z] ----------------------------------------------------------------------
[debug] [2022-01-24T04:59:10.293Z] Command:       C:\Program Files\nodejs\node.exe C:\Users\astrid\AppData\Roaming\npm\node_modules\firebase-tools\lib\bin\firebase.js init hosting
[debug] [2022-01-24T04:59:10.294Z] CLI Version:   10.1.2
[debug] [2022-01-24T04:59:10.294Z] Platform:      win32
[debug] [2022-01-24T04:59:10.294Z] Node Version:  v14.18.0
[debug] [2022-01-24T04:59:10.297Z] Time:          Sun Jan 23 2022 23:59:10 GMT-0500 (hora estándar de Colombia)
[debug] [2022-01-24T04:59:10.297Z] ----------------------------------------------------------------------
[debug] 
[debug] [2022-01-24T04:59:10.315Z] > command requires scopes: ["email","openid","https://www.googleapis.com/auth/cloudplatformprojects.readonly","https://www.googleapis.com/auth/firebase","https://www.googleapis.com/auth/cloud-platform"]
[debug] [2022-01-24T04:59:10.315Z] > authorizing via signed-in user (udecsat@gmail.com)
[info] 
     ######## #### ########  ######## ########     ###     ######  ########
     ##        ##  ##     ## ##       ##     ##  ##   ##  ##       ##
     ######    ##  ########  ######   ########  #########  ######  ######
     ##        ##  ##    ##  ##       ##     ## ##     ##       ## ##
     ##       #### ##     ## ######## ########  ##     ##  ######  ########

You're about to initialize a Firebase project in this directory:

  C:\Users\astrid\Desktop\UdecSatBackendNode - copia

